<?xml version="1.0" encoding="UTF-8"?>
<coverage generated="1634192995597" clover="3.2.0">
  <project timestamp="1634192995597" name="All files">
    <metrics statements="70" coveredstatements="70" conditionals="54" coveredconditionals="53" methods="15" coveredmethods="15" elements="139" coveredelements="138" complexity="0" loc="70" ncloc="70" packages="1" files="1" classes="1"/>
    <file name="Functions_car.js" path="D:\CARITO ---Trabajos\4 Ingenieria de Software\Tareas\base-js-Autitos\Autitos-TDD\src\Functions_car.js">
      <metrics statements="70" coveredstatements="70" conditionals="54" coveredconditionals="53" methods="15" coveredmethods="15"/>
      <line num="3" count="93" type="stmt"/>
      <line num="4" count="85" type="stmt"/>
      <line num="5" count="93" type="cond" truecount="2" falsecount="0"/>
      <line num="6" count="51" type="cond" truecount="2" falsecount="0"/>
      <line num="9" count="1" type="stmt"/>
      <line num="10" count="1" type="stmt"/>
      <line num="11" count="1" type="stmt"/>
      <line num="14" count="30" type="stmt"/>
      <line num="15" count="30" type="stmt"/>
      <line num="16" count="30" type="stmt"/>
      <line num="17" count="30" type="stmt"/>
      <line num="19" count="30" type="stmt"/>
      <line num="21" count="30" type="cond" truecount="2" falsecount="0"/>
      <line num="22" count="12" type="stmt"/>
      <line num="23" count="12" type="stmt"/>
      <line num="24" count="36" type="cond" truecount="2" falsecount="0"/>
      <line num="25" count="10" type="cond" truecount="2" falsecount="0"/>
      <line num="26" count="4" type="stmt"/>
      <line num="27" count="6" type="cond" truecount="2" falsecount="0"/>
      <line num="28" count="3" type="stmt"/>
      <line num="29" count="3" type="cond" truecount="2" falsecount="0"/>
      <line num="30" count="1" type="stmt"/>
      <line num="31" count="2" type="cond" truecount="1" falsecount="1"/>
      <line num="32" count="2" type="stmt"/>
      <line num="36" count="26" type="stmt"/>
      <line num="40" count="12" type="stmt"/>
      <line num="43" count="18" type="stmt"/>
      <line num="48" count="13" type="stmt"/>
      <line num="54" count="26" type="stmt"/>
      <line num="55" count="52" type="cond" truecount="2" falsecount="0"/>
      <line num="57" count="26" type="cond" truecount="4" falsecount="0"/>
      <line num="58" count="24" type="cond" truecount="2" falsecount="0"/>
      <line num="59" count="16" type="stmt"/>
      <line num="61" count="24" type="cond" truecount="2" falsecount="0"/>
      <line num="62" count="2" type="stmt"/>
      <line num="64" count="24" type="cond" truecount="2" falsecount="0"/>
      <line num="65" count="4" type="stmt"/>
      <line num="67" count="24" type="cond" truecount="2" falsecount="0"/>
      <line num="68" count="2" type="stmt"/>
      <line num="74" count="12" type="stmt"/>
      <line num="75" count="12" type="stmt"/>
      <line num="76" count="12" type="stmt"/>
      <line num="77" count="12" type="stmt"/>
      <line num="81" count="30" type="stmt"/>
      <line num="82" count="30" type="cond" truecount="2" falsecount="0"/>
      <line num="83" count="22" type="stmt"/>
      <line num="85" count="8" type="stmt"/>
      <line num="90" count="21" type="stmt"/>
      <line num="91" count="21" type="stmt"/>
      <line num="92" count="21" type="cond" truecount="4" falsecount="0"/>
      <line num="93" count="21" type="cond" truecount="4" falsecount="0"/>
      <line num="94" count="15" type="stmt"/>
      <line num="96" count="6" type="stmt"/>
      <line num="100" count="48" type="cond" truecount="2" falsecount="0"/>
      <line num="101" count="14" type="stmt"/>
      <line num="102" count="14" type="stmt"/>
      <line num="103" count="48" type="cond" truecount="2" falsecount="0"/>
      <line num="104" count="2" type="stmt"/>
      <line num="107" count="14" type="stmt"/>
      <line num="111" count="30" type="cond" truecount="2" falsecount="0"/>
      <line num="112" count="22" type="cond" truecount="2" falsecount="0"/>
      <line num="113" count="21" type="cond" truecount="2" falsecount="0"/>
      <line num="114" count="15" type="cond" truecount="2" falsecount="0"/>
      <line num="115" count="14" type="cond" truecount="2" falsecount="0"/>
      <line num="116" count="12" type="stmt"/>
      <line num="118" count="2" type="stmt"/>
      <line num="120" count="1" type="stmt"/>
      <line num="122" count="6" type="stmt"/>
      <line num="124" count="1" type="stmt"/>
      <line num="126" count="8" type="stmt"/>
    </file>
  </project>
</coverage>
