{"D:\\CARITO ---Trabajos\\4 Ingenieria de Software\\Tareas\\base-js-Autitos\\Autitos-TDD\\src\\Functions_car.js": {"path":"D:\\CARITO ---Trabajos\\4 Ingenieria de Software\\Tareas\\base-js-Autitos\\Autitos-TDD\\src\\Functions_car.js","statementMap":{"0":{"start":{"line":2,"column":21},"end":{"line":2,"column":57}},"1":{"start":{"line":3,"column":4},"end":{"line":7,"column":5}},"2":{"start":{"line":4,"column":8},"end":{"line":4,"column":22}},"3":{"start":{"line":6,"column":8},"end":{"line":6,"column":35}}},"fnMap":{"0":{"name":"calculate_Coordinates","decl":{"start":{"line":1,"column":16},"end":{"line":1,"column":37}},"loc":{"start":{"line":1,"column":52},"end":{"line":8,"column":1}},"line":1}},"branchMap":{"0":{"loc":{"start":{"line":3,"column":4},"end":{"line":7,"column":5}},"type":"if","locations":[{"start":{"line":3,"column":4},"end":{"line":7,"column":5}},{"start":{"line":3,"column":4},"end":{"line":7,"column":5}}],"line":3},"1":{"loc":{"start":{"line":3,"column":8},"end":{"line":3,"column":98}},"type":"binary-expr","locations":[{"start":{"line":3,"column":8},"end":{"line":3,"column":25}},{"start":{"line":3,"column":29},"end":{"line":3,"column":46}},{"start":{"line":3,"column":50},"end":{"line":3,"column":72}},{"start":{"line":3,"column":76},"end":{"line":3,"column":98}}],"line":3}},"s":{"0":9,"1":9,"2":1,"3":8},"f":{"0":9},"b":{"0":[1,8],"1":[9,4,3,2]},"_coverageSchema":"1a1c01bbd47fc00a2c39e90264f33305004495a9","hash":"b928873f4332968cd00ca1c20cdb1b2866c87a5c"}
}
