{"D:\\CARITO ---Trabajos\\4 Ingenieria de Software\\Tareas\\base-js-Autitos\\Autitos-TDD\\src\\Functions_car.js": {"path":"D:\\CARITO ---Trabajos\\4 Ingenieria de Software\\Tareas\\base-js-Autitos\\Autitos-TDD\\src\\Functions_car.js","statementMap":{"0":{"start":{"line":2,"column":34},"end":{"line":2,"column":58}},"1":{"start":{"line":3,"column":28},"end":{"line":3,"column":54}},"2":{"start":{"line":4,"column":27},"end":{"line":4,"column":53}},"3":{"start":{"line":6,"column":27},"end":{"line":6,"column":34}},"4":{"start":{"line":7,"column":4},"end":{"line":15,"column":5}},"5":{"start":{"line":8,"column":8},"end":{"line":12,"column":9}},"6":{"start":{"line":9,"column":12},"end":{"line":9,"column":36}},"7":{"start":{"line":11,"column":12},"end":{"line":11,"column":36}},"8":{"start":{"line":14,"column":8},"end":{"line":14,"column":36}},"9":{"start":{"line":19,"column":21},"end":{"line":19,"column":68}},"10":{"start":{"line":20,"column":23},"end":{"line":20,"column":37}},"11":{"start":{"line":20,"column":30},"end":{"line":20,"column":37}},"12":{"start":{"line":21,"column":26},"end":{"line":21,"column":45}},"13":{"start":{"line":21,"column":33},"end":{"line":21,"column":45}},"14":{"start":{"line":22,"column":28},"end":{"line":22,"column":72}},"15":{"start":{"line":22,"column":35},"end":{"line":22,"column":72}},"16":{"start":{"line":24,"column":4},"end":{"line":28,"column":5}},"17":{"start":{"line":25,"column":8},"end":{"line":25,"column":19}},"18":{"start":{"line":27,"column":8},"end":{"line":27,"column":20}}},"fnMap":{"0":{"name":"calculate_Coordinates","decl":{"start":{"line":1,"column":16},"end":{"line":1,"column":37}},"loc":{"start":{"line":1,"column":52},"end":{"line":16,"column":1}},"line":1},"1":{"name":"isCorrectFormat_Dimensions","decl":{"start":{"line":18,"column":9},"end":{"line":18,"column":35}},"loc":{"start":{"line":18,"column":61},"end":{"line":29,"column":1}},"line":18},"2":{"name":"(anonymous_2)","decl":{"start":{"line":20,"column":23},"end":{"line":20,"column":24}},"loc":{"start":{"line":20,"column":30},"end":{"line":20,"column":37}},"line":20},"3":{"name":"(anonymous_3)","decl":{"start":{"line":21,"column":26},"end":{"line":21,"column":27}},"loc":{"start":{"line":21,"column":33},"end":{"line":21,"column":45}},"line":21},"4":{"name":"(anonymous_4)","decl":{"start":{"line":22,"column":28},"end":{"line":22,"column":29}},"loc":{"start":{"line":22,"column":35},"end":{"line":22,"column":72}},"line":22}},"branchMap":{"0":{"loc":{"start":{"line":7,"column":4},"end":{"line":15,"column":5}},"type":"if","locations":[{"start":{"line":7,"column":4},"end":{"line":15,"column":5}},{"start":{"line":7,"column":4},"end":{"line":15,"column":5}}],"line":7},"1":{"loc":{"start":{"line":8,"column":8},"end":{"line":12,"column":9}},"type":"if","locations":[{"start":{"line":8,"column":8},"end":{"line":12,"column":9}},{"start":{"line":8,"column":8},"end":{"line":12,"column":9}}],"line":8},"2":{"loc":{"start":{"line":22,"column":35},"end":{"line":22,"column":72}},"type":"binary-expr","locations":[{"start":{"line":22,"column":35},"end":{"line":22,"column":50}},{"start":{"line":22,"column":54},"end":{"line":22,"column":72}}],"line":22},"3":{"loc":{"start":{"line":24,"column":4},"end":{"line":28,"column":5}},"type":"if","locations":[{"start":{"line":24,"column":4},"end":{"line":28,"column":5}},{"start":{"line":24,"column":4},"end":{"line":28,"column":5}}],"line":24},"4":{"loc":{"start":{"line":24,"column":8},"end":{"line":24,"column":72}},"type":"binary-expr","locations":[{"start":{"line":24,"column":8},"end":{"line":24,"column":38}},{"start":{"line":24,"column":42},"end":{"line":24,"column":72}}],"line":24}},"s":{"0":10,"1":10,"2":10,"3":10,"4":10,"5":2,"6":1,"7":1,"8":8,"9":10,"10":10,"11":13,"12":10,"13":7,"14":10,"15":13,"16":10,"17":2,"18":8},"f":{"0":10,"1":10,"2":13,"3":7,"4":13},"b":{"0":[2,8],"1":[1,1],"2":[13,7],"3":[2,8],"4":[10,3]},"_coverageSchema":"1a1c01bbd47fc00a2c39e90264f33305004495a9","hash":"6b786c55488ee6279b7f11e3ec56e885e942f0d6"}
}
