TN:
SF:src\Functions_car.js
FN:3,(anonymous_0)
FN:4,(anonymous_1)
FN:5,(anonymous_2)
FN:6,(anonymous_3)
FN:8,calculate_Coordinates
FN:34,isCorrectFormat_Dimensions
FN:43,isCorrectFormat_InitialPosition
FN:46,(anonymous_7)
FNF:8
FNH:8
FNDA:33,(anonymous_0)
FNDA:25,(anonymous_1)
FNDA:33,(anonymous_2)
FNDA:21,(anonymous_3)
FNDA:15,calculate_Coordinates
FNDA:15,isCorrectFormat_Dimensions
FNDA:6,isCorrectFormat_InitialPosition
FNDA:3,(anonymous_7)
DA:3,33
DA:4,25
DA:5,33
DA:6,21
DA:9,15
DA:10,15
DA:11,15
DA:12,15
DA:13,15
DA:15,15
DA:16,7
DA:17,6
DA:18,2
DA:20,4
DA:23,1
DA:26,8
DA:35,15
DA:36,15
DA:37,7
DA:39,8
DA:44,6
DA:45,6
DA:46,6
DA:48,6
DA:49,2
DA:51,4
LF:26
LH:26
BRDA:5,0,0,33
BRDA:5,0,1,25
BRDA:6,1,0,21
BRDA:6,1,1,12
BRDA:15,2,0,7
BRDA:15,2,1,8
BRDA:16,3,0,6
BRDA:16,3,1,1
BRDA:17,4,0,2
BRDA:17,4,1,4
BRDA:36,5,0,7
BRDA:36,5,1,8
BRDA:46,6,0,3
BRDA:46,6,1,1
BRDA:46,6,2,1
BRDA:46,6,3,1
BRDA:48,7,0,2
BRDA:48,7,1,4
BRDA:48,8,0,6
BRDA:48,8,1,3
BRF:20
BRH:20
end_of_record
