TN:
SF:src\Functions_car.js
FN:3,(anonymous_0)
FN:4,(anonymous_1)
FN:5,(anonymous_2)
FN:6,(anonymous_3)
FN:13,calculate_Coordinates
FN:34,final_position
FN:38,moveForward_cmd_A_
FN:40,(anonymous_7)
FN:41,(anonymous_8)
FN:59,setUp_initialPosition
FN:66,isCorrectFormat_Dimensions
FN:75,isCorrectFormat_InitialPosition
FN:78,(anonymous_12)
FN:89,isCorrectFormat_StringMovements
FN:90,(anonymous_14)
FN:100,checkFormat_AllCommandString
FNF:16
FNH:16
FNDA:73,(anonymous_0)
FNDA:65,(anonymous_1)
FNDA:73,(anonymous_2)
FNDA:41,(anonymous_3)
FNDA:25,calculate_Coordinates
FNDA:9,final_position
FNDA:14,moveForward_cmd_A_
FNDA:14,(anonymous_7)
FNDA:14,(anonymous_8)
FNDA:8,setUp_initialPosition
FNDA:25,isCorrectFormat_Dimensions
FNDA:16,isCorrectFormat_InitialPosition
FNDA:13,(anonymous_12)
FNDA:9,isCorrectFormat_StringMovements
FNDA:18,(anonymous_14)
FNDA:25,checkFormat_AllCommandString
DA:3,73
DA:4,65
DA:5,73
DA:6,41
DA:9,1
DA:10,1
DA:11,1
DA:14,25
DA:15,25
DA:16,25
DA:17,25
DA:19,25
DA:21,25
DA:22,8
DA:23,8
DA:24,14
DA:26,8
DA:29,17
DA:35,9
DA:39,14
DA:40,14
DA:41,14
DA:43,14
DA:44,12
DA:45,4
DA:47,12
DA:48,2
DA:50,12
DA:51,4
DA:53,12
DA:54,2
DA:60,8
DA:61,8
DA:62,8
DA:63,8
DA:67,25
DA:68,25
DA:69,17
DA:71,8
DA:76,16
DA:77,16
DA:78,16
DA:79,16
DA:80,10
DA:82,6
DA:90,18
DA:91,9
DA:92,9
DA:93,18
DA:94,1
DA:97,9
DA:101,25
DA:102,17
DA:103,16
DA:104,10
DA:105,9
DA:106,8
DA:108,1
DA:110,1
DA:112,6
DA:114,1
DA:116,8
LF:62
LH:62
BRDA:5,0,0,73
BRDA:5,0,1,65
BRDA:6,1,0,41
BRDA:6,1,1,32
BRDA:21,2,0,8
BRDA:21,2,1,17
BRDA:40,3,0,14
BRDA:40,3,1,14
BRDA:41,4,0,14
BRDA:41,4,1,12
BRDA:43,5,0,12
BRDA:43,5,1,2
BRDA:43,6,0,14
BRDA:43,6,1,14
BRDA:44,7,0,4
BRDA:44,7,1,8
BRDA:47,8,0,2
BRDA:47,8,1,10
BRDA:50,9,0,4
BRDA:50,9,1,8
BRDA:53,10,0,2
BRDA:53,10,1,10
BRDA:68,11,0,17
BRDA:68,11,1,8
BRDA:78,12,0,13
BRDA:78,12,1,10
BRDA:78,12,2,8
BRDA:78,12,3,6
BRDA:79,13,0,10
BRDA:79,13,1,6
BRDA:79,14,0,16
BRDA:79,14,1,13
BRDA:93,15,0,1
BRDA:93,15,1,17
BRDA:101,16,0,17
BRDA:101,16,1,8
BRDA:102,17,0,16
BRDA:102,17,1,1
BRDA:103,18,0,10
BRDA:103,18,1,6
BRDA:104,19,0,9
BRDA:104,19,1,1
BRDA:105,20,0,8
BRDA:105,20,1,1
BRF:44
BRH:44
end_of_record
